<?xml version="1.0" encoding="UTF-8"?>
<!-- Generated by org.testng.reporters.JUnitReportReporter -->
<testsuite skipped="0" hostname="Atharv-PC" name="org.pda.tests.sampleTest" tests="1" failures="0" timestamp="2024-03-02T10:22:23 IST" time="7.601" errors="0">
  <testcase name="test1" time="7.601" classname="org.pda.tests.sampleTest"/>
  <system-out/>
</testsuite> <!-- org.pda.tests.sampleTest -->
